d:\project\work\client\tis_client\client\third_path\unity_lz4\project\windows\x64\release\vc142.pdb
d:\project\work\client\tis_client\client\third_path\unity_lz4\project\windows\x64\release\xxhash.obj
d:\project\work\client\tis_client\client\third_path\unity_lz4\project\windows\x64\release\pike.obj
d:\project\work\client\tis_client\client\third_path\unity_lz4\project\windows\x64\release\lz4hc.obj
d:\project\work\client\tis_client\client\third_path\unity_lz4\project\windows\x64\release\lz4frame.obj
d:\project\work\client\tis_client\client\third_path\unity_lz4\project\windows\x64\release\lz4.obj
d:\project\work\client\tis_client\client\third_path\unity_lz4\project\windows\x64\release\shadercompile.obj
d:\project\work\client\tis_client\client\third_path\unity_lz4\project\windows\x64\release\renderapi_vulkan.obj
d:\project\work\client\tis_client\client\third_path\unity_lz4\project\windows\x64\release\renderapi.obj
d:\project\work\client\tis_client\client\third_path\unity_lz4\project\windows\x64\release\nativemanager.obj
d:\project\work\client\tis_client\client\third_path\unity_lz4\project\windows\x64\release\nativeinterface.obj
d:\project\work\client\tis_client\client\third_path\unity_lz4\project\windows\x64\release\lz4import.obj
d:\project\work\client\tis_client\client\third_path\unity_lz4\project\windows\x64\release\liblz4.lib
d:\project\work\client\tis_client\client\third_path\unity_lz4\project\windows\x64\release\liblz4.exp
d:\project\work\client\tis_client\client\third_path\unity_lz4\project\windows\x64\release\liblz4.dll
d:\project\work\client\tis_client\client\third_path\unity_lz4\project\windows\x64\release\liblz4.pdb
d:\project\work\client\tis_client\client\third_path\unity_lz4\project\windows\x64\release\liblz4.tlog\cl.command.1.tlog
d:\project\work\client\tis_client\client\third_path\unity_lz4\project\windows\x64\release\liblz4.tlog\cl.read.1.tlog
d:\project\work\client\tis_client\client\third_path\unity_lz4\project\windows\x64\release\liblz4.tlog\cl.write.1.tlog
d:\project\work\client\tis_client\client\third_path\unity_lz4\project\windows\x64\release\liblz4.tlog\liblz4.write.1u.tlog
d:\project\work\client\tis_client\client\third_path\unity_lz4\project\windows\x64\release\liblz4.tlog\link.command.1.tlog
d:\project\work\client\tis_client\client\third_path\unity_lz4\project\windows\x64\release\liblz4.tlog\link.read.1.tlog
d:\project\work\client\tis_client\client\third_path\unity_lz4\project\windows\x64\release\liblz4.tlog\link.write.1.tlog
